<?xml version="1.0" encoding="UTF-8"?>
<!-- Generated by org.testng.reporters.JUnitReportReporter -->
<testsuite skipped="0" hostname="nikita.local" name="ru.mipt.java2017.homework.g696.mikhaylov.task1.MyCalculatorTest" tests="22" failures="0" timestamp="05 окт 2017 20:50:27 GMT" time="0.868" errors="0">
  <testcase name="testBadSymbolInDigitEnd" time="0.040" classname="ru.mipt.java2017.homework.g696.mikhaylov.task1.MyCalculatorTest"/>
  <testcase name="testSpaces" time="0.046" classname="ru.mipt.java2017.homework.g696.mikhaylov.task1.MyCalculatorTest"/>
  <testcase name="testBracesOrdering" time="0.044" classname="ru.mipt.java2017.homework.g696.mikhaylov.task1.MyCalculatorTest"/>
  <testcase name="testBadString" time="0.031" classname="ru.mipt.java2017.homework.g696.mikhaylov.task1.MyCalculatorTest"/>
  <testcase name="testSpacesString" time="0.041" classname="ru.mipt.java2017.homework.g696.mikhaylov.task1.MyCalculatorTest"/>
  <testcase name="testAdditionalSpaceSymbols" time="0.041" classname="ru.mipt.java2017.homework.g696.mikhaylov.task1.MyCalculatorTest"/>
  <testcase name="testOver9k" time="0.044" classname="ru.mipt.java2017.homework.g696.mikhaylov.task1.MyCalculatorTest"/>
  <testcase name="testBasicOps" time="0.040" classname="ru.mipt.java2017.homework.g696.mikhaylov.task1.MyCalculatorTest"/>
  <testcase name="testTooFewBraces" time="0.040" classname="ru.mipt.java2017.homework.g696.mikhaylov.task1.MyCalculatorTest"/>
  <testcase name="testBadSymbolInDigitStart" time="0.040" classname="ru.mipt.java2017.homework.g696.mikhaylov.task1.MyCalculatorTest"/>
  <testcase name="testPlainOrdering" time="0.032" classname="ru.mipt.java2017.homework.g696.mikhaylov.task1.MyCalculatorTest"/>
  <testcase name="testBadNumber" time="0.045" classname="ru.mipt.java2017.homework.g696.mikhaylov.task1.MyCalculatorTest"/>
  <testcase name="testEmptyString" time="0.042" classname="ru.mipt.java2017.homework.g696.mikhaylov.task1.MyCalculatorTest"/>
  <testcase name="testDivisionByZero" time="0.043" classname="ru.mipt.java2017.homework.g696.mikhaylov.task1.MyCalculatorTest"/>
  <testcase name="testPlusPlus" time="0.037" classname="ru.mipt.java2017.homework.g696.mikhaylov.task1.MyCalculatorTest"/>
  <testcase name="testDivisionAssociativity" time="0.038" classname="ru.mipt.java2017.homework.g696.mikhaylov.task1.MyCalculatorTest"/>
  <testcase name="testUnaryMultiply" time="0.044" classname="ru.mipt.java2017.homework.g696.mikhaylov.task1.MyCalculatorTest"/>
  <testcase name="testEmptyBraces" time="0.040" classname="ru.mipt.java2017.homework.g696.mikhaylov.task1.MyCalculatorTest"/>
  <testcase name="testTooMuchBraces" time="0.039" classname="ru.mipt.java2017.homework.g696.mikhaylov.task1.MyCalculatorTest"/>
  <testcase name="testNull" time="0.038" classname="ru.mipt.java2017.homework.g696.mikhaylov.task1.MyCalculatorTest"/>
  <testcase name="testMinus" time="0.035" classname="ru.mipt.java2017.homework.g696.mikhaylov.task1.MyCalculatorTest"/>
  <testcase name="testBadSymbolAtStart" time="0.028" classname="ru.mipt.java2017.homework.g696.mikhaylov.task1.MyCalculatorTest"/>
</testsuite> <!-- ru.mipt.java2017.homework.g696.mikhaylov.task1.MyCalculatorTest -->
